Using pre-set license
Built from '2022.3/staging' branch; Version is '2022.3.19f1 (244b723c30a6) revision 2378610'; Using compiler version '192829333'; Build Type 'Release'
OS: 'Windows 10  (10.0.19045) 64bit Education' Language: 'en' Physical Memory: 20417 MB
BatchMode: 1, IsHumanControllingUs: 0, StartBugReporterOnCrash: 0, Is64bit: 1, IsPro: 1

COMMAND LINE ARGUMENTS:
F:\UnityEditor\2022.3.19f1\Editor\Unity.exe
-adb2
-batchMode
-noUpm
-name
AssetImportWorker1
-projectPath
D:/Github/Jmpr
-logFile
Logs/AssetImportWorker1.log
-srvPort
50724
Successfully changed project path to: D:/Github/Jmpr
D:/Github/Jmpr
[UnityMemory] Configuration Parameters - Can be set up in boot.config
    "memorysetup-bucket-allocator-granularity=16"
    "memorysetup-bucket-allocator-bucket-count=8"
    "memorysetup-bucket-allocator-block-size=33554432"
    "memorysetup-bucket-allocator-block-count=8"
    "memorysetup-main-allocator-block-size=16777216"
    "memorysetup-thread-allocator-block-size=16777216"
    "memorysetup-gfx-main-allocator-block-size=16777216"
    "memorysetup-gfx-thread-allocator-block-size=16777216"
    "memorysetup-cache-allocator-block-size=4194304"
    "memorysetup-typetree-allocator-block-size=2097152"
    "memorysetup-profiler-bucket-allocator-granularity=16"
    "memorysetup-profiler-bucket-allocator-bucket-count=8"
    "memorysetup-profiler-bucket-allocator-block-size=33554432"
    "memorysetup-profiler-bucket-allocator-block-count=8"
    "memorysetup-profiler-allocator-block-size=16777216"
    "memorysetup-profiler-editor-allocator-block-size=1048576"
    "memorysetup-temp-allocator-size-main=16777216"
    "memorysetup-job-temp-allocator-block-size=2097152"
    "memorysetup-job-temp-allocator-block-size-background=1048576"
    "memorysetup-job-temp-allocator-reduction-small-platforms=262144"
    "memorysetup-allocator-temp-initial-block-size-main=262144"
    "memorysetup-allocator-temp-initial-block-size-worker=262144"
    "memorysetup-temp-allocator-size-background-worker=32768"
    "memorysetup-temp-allocator-size-job-worker=262144"
    "memorysetup-temp-allocator-size-preload-manager=33554432"
    "memorysetup-temp-allocator-size-nav-mesh-worker=65536"
    "memorysetup-temp-allocator-size-audio-worker=65536"
    "memorysetup-temp-allocator-size-cloud-worker=32768"
    "memorysetup-temp-allocator-size-gi-baking-worker=262144"
    "memorysetup-temp-allocator-size-gfx=262144"
Player connection [19428] Host "[IP] 192.168.2.22 [Port] 0 [Flags] 2 [Guid] 3517636429 [EditorId] 3517636429 [Version] 1048832 [Id] WindowsEditor(7,BoraHorza) [Debug] 1 [PackageName] WindowsEditor [ProjectName] Editor" joined multi-casting on [225.0.0.222:54997]...

Player connection [19428] Host "[IP] 192.168.2.22 [Port] 0 [Flags] 2 [Guid] 3517636429 [EditorId] 3517636429 [Version] 1048832 [Id] WindowsEditor(7,BoraHorza) [Debug] 1 [PackageName] WindowsEditor [ProjectName] Editor" joined alternative multi-casting on [225.0.0.222:34997]...

[Physics::Module] Initialized MultithreadedJobDispatcher with 7 workers.
Unable to parse file Assets/Plugins/x86_64/Firebase/App.so.meta: [Parser Failure at line 72: Expect ':' between key and value within mapping]
Unable to parse file Assets/Plugins/x86_64/Firebase/Auth.bundle.meta: [Parser Failure at line 72: Expect ':' between key and value within mapping]
Unable to parse file Assets/Firebase/Editor/Firebase.Editor.dll.meta: [Parser Failure at line 30: Expect ':' between key and value within mapping]
Unable to parse file Assets/Firebase/Plugins/Unity.Tasks.dll.meta: [Parser Failure at line 72: Expect ':' between key and value within mapping]
Unable to parse file Assets/Firebase/Plugins/Google.MiniJson.dll.meta: [Parser Failure at line 72: Expect ':' between key and value within mapping]
Unable to parse file Assets/Firebase/Plugins/Firebase.Auth.dll.meta: [Parser Failure at line 72: Expect ':' between key and value within mapping]
Unable to parse file Assets/Plugins/x86_64/Firebase/App.dll.meta: [Parser Failure at line 72: Expect ':' between key and value within mapping]
Unable to parse file Assets/Plugins/x86_64/Firebase/App.bundle.meta: [Parser Failure at line 72: Expect ':' between key and value within mapping]
Unable to parse file Assets/Firebase/Plugins/Google.Sharpen.dll.meta: [Parser Failure at line 72: Expect ':' between key and value within mapping]
Unable to parse file Assets/Firebase/Plugins/iOS/Firebase.App.dll.meta: [Parser Failure at line 72: Expect ':' between key and value within mapping]
Unable to parse file Assets/Firebase/Plugins/Unity.Compat.dll.meta: [Parser Failure at line 72: Expect ':' between key and value within mapping]
Unable to parse file Assets/Firebase/Plugins/iOS/Firebase.Auth.dll.meta: [Parser Failure at line 72: Expect ':' between key and value within mapping]
Unable to parse file Assets/Plugins/x86_64/Firebase/Auth.dll.meta: [Parser Failure at line 72: Expect ':' between key and value within mapping]
Unable to parse file Assets/Firebase/Plugins/Firebase.App.dll.meta: [Parser Failure at line 72: Expect ':' between key and value within mapping]
Unable to parse file Assets/Firebase/Plugins/Firebase.Database.dll.meta: [Parser Failure at line 72: Expect ':' between key and value within mapping]
Unable to parse file Assets/Plugins/x86_64/Firebase/Auth.so.meta: [Parser Failure at line 72: Expect ':' between key and value within mapping]
Refreshing native plugins compatible for Editor in 20.57 ms, found 2 plugins.
Preloading 0 native plugins for Editor in 0.00 ms.
Initialize engine version: 2022.3.19f1 (244b723c30a6)
[Subsystems] Discovering subsystems at path F:/UnityEditor/2022.3.19f1/Editor/Data/Resources/UnitySubsystems
[Subsystems] Discovering subsystems at path D:/Github/Jmpr/Assets
GfxDevice: creating device client; threaded=0; jobified=0
Direct3D:
    Version:  Direct3D 11.0 [level 11.1]
    Renderer: NVIDIA GeForce GTX 980 Ti (ID=0x17c8)
    Vendor:   NVIDIA
    VRAM:     6085 MB
    Driver:   31.0.15.5123
Initialize mono
Mono path[0] = 'F:/UnityEditor/2022.3.19f1/Editor/Data/Managed'
Mono path[1] = 'F:/UnityEditor/2022.3.19f1/Editor/Data/MonoBleedingEdge/lib/mono/unityjit-win32'
Mono config path = 'F:/UnityEditor/2022.3.19f1/Editor/Data/MonoBleedingEdge/etc'
Using monoOptions --debugger-agent=transport=dt_socket,embedding=1,server=y,suspend=n,address=127.0.0.1:56152
Begin MonoManager ReloadAssembly
Registering precompiled unity dll's ...
Register platform support module: F:/UnityEditor/2022.3.19f1/Editor/Data/PlaybackEngines/WebGLSupport/UnityEditor.WebGL.Extensions.dll
Register platform support module: F:/UnityEditor/2022.3.19f1/Editor/Data/PlaybackEngines/WindowsStandaloneSupport/UnityEditor.WindowsStandalone.Extensions.dll
Registered in 0.009665 seconds.
- Loaded All Assemblies, in  0.584 seconds
Native extension for WindowsStandalone target not found
Native extension for WebGL target not found
Mono: successfully reloaded assembly
- Finished resetting the current domain, in  0.447 seconds
Domain Reload Profiling: 1031ms
	BeginReloadAssembly (178ms)
		ExecutionOrderSort (0ms)
		DisableScriptedObjects (0ms)
		BackupInstance (0ms)
		ReleaseScriptingObjects (0ms)
		CreateAndSetChildDomain (1ms)
	RebuildCommonClasses (44ms)
	RebuildNativeTypeToScriptingClass (14ms)
	initialDomainReloadingComplete (79ms)
	LoadAllAssembliesAndSetupDomain (267ms)
		LoadAssemblies (178ms)
		RebuildTransferFunctionScriptingTraits (0ms)
		AnalyzeDomain (263ms)
			TypeCache.Refresh (261ms)
				TypeCache.ScanAssembly (241ms)
			ScanForSourceGeneratedMonoScriptInfo (1ms)
			ResolveRequiredComponents (1ms)
	FinalizeReload (448ms)
		ReleaseScriptCaches (0ms)
		RebuildScriptCaches (0ms)
		SetupLoadedEditorAssemblies (330ms)
			LogAssemblyErrors (0ms)
			InitializePlatformSupportModulesInManaged (17ms)
			SetLoadedEditorAssemblies (8ms)
			RefreshPlugins (0ms)
			BeforeProcessingInitializeOnLoad (3ms)
			ProcessInitializeOnLoadAttributes (206ms)
			ProcessInitializeOnLoadMethodAttributes (95ms)
			AfterProcessingInitializeOnLoad (0ms)
			EditorAssembliesLoaded (0ms)
		ExecutionOrderSort2 (0ms)
		AwakeInstancesAfterBackupRestoration (0ms)
Unable to parse file Assets/Firebase/Plugins/Google.MiniJson.dll.meta: [Parser Failure at line 72: Expect ':' between key and value within mapping]
Unable to parse file Assets/Firebase/Plugins/Unity.Tasks.dll.meta: [Parser Failure at line 72: Expect ':' between key and value within mapping]
Unable to parse file Assets/Firebase/Plugins/Firebase.App.dll.meta: [Parser Failure at line 72: Expect ':' between key and value within mapping]
Unable to parse file Assets/Firebase/Plugins/Firebase.Database.dll.meta: [Parser Failure at line 72: Expect ':' between key and value within mapping]
Unable to parse file Assets/Firebase/Plugins/iOS/Firebase.App.dll.meta: [Parser Failure at line 72: Expect ':' between key and value within mapping]
Unable to parse file Assets/Firebase/Plugins/iOS/Firebase.Auth.dll.meta: [Parser Failure at line 72: Expect ':' between key and value within mapping]
Unable to parse file Assets/Firebase/Plugins/Google.Sharpen.dll.meta: [Parser Failure at line 72: Expect ':' between key and value within mapping]
Unable to parse file Assets/Firebase/Plugins/Unity.Compat.dll.meta: [Parser Failure at line 72: Expect ':' between key and value within mapping]
Unable to parse file Assets/Firebase/Editor/Firebase.Editor.dll.meta: [Parser Failure at line 30: Expect ':' between key and value within mapping]
Unable to parse file Assets/Firebase/Plugins/Firebase.Auth.dll.meta: [Parser Failure at line 72: Expect ':' between key and value within mapping]
========================================================================
Worker process is ready to serve import requests
Begin MonoManager ReloadAssembly
Unable to parse file Assets/Firebase/Plugins/Google.MiniJson.dll.meta: [Parser Failure at line 72: Expect ':' between key and value within mapping]
Unable to parse file Assets/Firebase/Plugins/Unity.Tasks.dll.meta: [Parser Failure at line 72: Expect ':' between key and value within mapping]
Unable to parse file Assets/Firebase/Plugins/Firebase.App.dll.meta: [Parser Failure at line 72: Expect ':' between key and value within mapping]
Unable to parse file Assets/Firebase/Plugins/Firebase.Database.dll.meta: [Parser Failure at line 72: Expect ':' between key and value within mapping]
Unable to parse file Assets/Firebase/Plugins/iOS/Firebase.App.dll.meta: [Parser Failure at line 72: Expect ':' between key and value within mapping]
Unable to parse file Assets/Firebase/Plugins/iOS/Firebase.Auth.dll.meta: [Parser Failure at line 72: Expect ':' between key and value within mapping]
Unable to parse file Assets/Firebase/Plugins/Google.Sharpen.dll.meta: [Parser Failure at line 72: Expect ':' between key and value within mapping]
Unable to parse file Assets/Firebase/Plugins/Unity.Compat.dll.meta: [Parser Failure at line 72: Expect ':' between key and value within mapping]
Unable to parse file Assets/Firebase/Editor/Firebase.Editor.dll.meta: [Parser Failure at line 30: Expect ':' between key and value within mapping]
Unable to parse file Assets/Firebase/Plugins/Firebase.Auth.dll.meta: [Parser Failure at line 72: Expect ':' between key and value within mapping]
Unable to parse file Assets/Firebase/Plugins/Google.MiniJson.dll.meta: [Parser Failure at line 72: Expect ':' between key and value within mapping]
UnityEngine.StackTraceUtility:ExtractStackTrace ()
UnityEditor.Scripting.ScriptCompilation.PrecompiledAssemblyProviderBase:GetAllPrecompiledAssembliesInternal ()
UnityEditor.Scripting.ScriptCompilation.PrecompiledAssemblyProvider:GetAllPrecompiledAssemblies ()
UnityEditor.AssemblyValidation:CheckAssemblyReferences (string[],UnityEditor.AssemblyValidation/Error[],Mono.Cecil.AssemblyDefinition[],System.Func`2<string, bool>)
UnityEditor.AssemblyValidation:ValidateAssemblyDefinitions (string[],Mono.Cecil.AssemblyDefinition[],System.Func`2<string, bool>)
UnityEditor.AssemblyValidation:ValidateAssemblies (string[],bool)

[C:\build\output\unity\unity\Runtime\Serialize\TransferFunctions\YAMLRead.cpp line 169]

Unable to parse file Assets/Firebase/Plugins/Unity.Tasks.dll.meta: [Parser Failure at line 72: Expect ':' between key and value within mapping]
UnityEngine.StackTraceUtility:ExtractStackTrace ()
UnityEditor.Scripting.ScriptCompilation.PrecompiledAssemblyProviderBase:GetAllPrecompiledAssembliesInternal ()
UnityEditor.Scripting.ScriptCompilation.PrecompiledAssemblyProvider:GetAllPrecompiledAssemblies ()
UnityEditor.AssemblyValidation:CheckAssemblyReferences (string[],UnityEditor.AssemblyValidation/Error[],Mono.Cecil.AssemblyDefinition[],System.Func`2<string, bool>)
UnityEditor.AssemblyValidation:ValidateAssemblyDefinitions (string[],Mono.Cecil.AssemblyDefinition[],System.Func`2<string, bool>)
UnityEditor.AssemblyValidation:ValidateAssemblies (string[],bool)

[C:\build\output\unity\unity\Runtime\Serialize\TransferFunctions\YAMLRead.cpp line 169]

Unable to parse file Assets/Firebase/Plugins/Firebase.App.dll.meta: [Parser Failure at line 72: Expect ':' between key and value within mapping]
UnityEngine.StackTraceUtility:ExtractStackTrace ()
UnityEditor.Scripting.ScriptCompilation.PrecompiledAssemblyProviderBase:GetAllPrecompiledAssembliesInternal ()
UnityEditor.Scripting.ScriptCompilation.PrecompiledAssemblyProvider:GetAllPrecompiledAssemblies ()
UnityEditor.AssemblyValidation:CheckAssemblyReferences (string[],UnityEditor.AssemblyValidation/Error[],Mono.Cecil.AssemblyDefinition[],System.Func`2<string, bool>)
UnityEditor.AssemblyValidation:ValidateAssemblyDefinitions (string[],Mono.Cecil.AssemblyDefinition[],System.Func`2<string, bool>)
UnityEditor.AssemblyValidation:ValidateAssemblies (string[],bool)

[C:\build\output\unity\unity\Runtime\Serialize\TransferFunctions\YAMLRead.cpp line 169]

Unable to parse file Assets/Firebase/Plugins/Firebase.Database.dll.meta: [Parser Failure at line 72: Expect ':' between key and value within mapping]
UnityEngine.StackTraceUtility:ExtractStackTrace ()
UnityEditor.Scripting.ScriptCompilation.PrecompiledAssemblyProviderBase:GetAllPrecompiledAssembliesInternal ()
UnityEditor.Scripting.ScriptCompilation.PrecompiledAssemblyProvider:GetAllPrecompiledAssemblies ()
UnityEditor.AssemblyValidation:CheckAssemblyReferences (string[],UnityEditor.AssemblyValidation/Error[],Mono.Cecil.AssemblyDefinition[],System.Func`2<string, bool>)
UnityEditor.AssemblyValidation:ValidateAssemblyDefinitions (string[],Mono.Cecil.AssemblyDefinition[],System.Func`2<string, bool>)
UnityEditor.AssemblyValidation:ValidateAssemblies (string[],bool)

[C:\build\output\unity\unity\Runtime\Serialize\TransferFunctions\YAMLRead.cpp line 169]

Unable to parse file Assets/Firebase/Plugins/iOS/Firebase.App.dll.meta: [Parser Failure at line 72: Expect ':' between key and value within mapping]
UnityEngine.StackTraceUtility:ExtractStackTrace ()
UnityEditor.Scripting.ScriptCompilation.PrecompiledAssemblyProviderBase:GetAllPrecompiledAssembliesInternal ()
UnityEditor.Scripting.ScriptCompilation.PrecompiledAssemblyProvider:GetAllPrecompiledAssemblies ()
UnityEditor.AssemblyValidation:CheckAssemblyReferences (string[],UnityEditor.AssemblyValidation/Error[],Mono.Cecil.AssemblyDefinition[],System.Func`2<string, bool>)
UnityEditor.AssemblyValidation:ValidateAssemblyDefinitions (string[],Mono.Cecil.AssemblyDefinition[],System.Func`2<string, bool>)
UnityEditor.AssemblyValidation:ValidateAssemblies (string[],bool)

[C:\build\output\unity\unity\Runtime\Serialize\TransferFunctions\YAMLRead.cpp line 169]

Unable to parse file Assets/Firebase/Plugins/iOS/Firebase.Auth.dll.meta: [Parser Failure at line 72: Expect ':' between key and value within mapping]
UnityEngine.StackTraceUtility:ExtractStackTrace ()
UnityEditor.Scripting.ScriptCompilation.PrecompiledAssemblyProviderBase:GetAllPrecompiledAssembliesInternal ()
UnityEditor.Scripting.ScriptCompilation.PrecompiledAssemblyProvider:GetAllPrecompiledAssemblies ()
UnityEditor.AssemblyValidation:CheckAssemblyReferences (string[],UnityEditor.AssemblyValidation/Error[],Mono.Cecil.AssemblyDefinition[],System.Func`2<string, bool>)
UnityEditor.AssemblyValidation:ValidateAssemblyDefinitions (string[],Mono.Cecil.AssemblyDefinition[],System.Func`2<string, bool>)
UnityEditor.AssemblyValidation:ValidateAssemblies (string[],bool)

[C:\build\output\unity\unity\Runtime\Serialize\TransferFunctions\YAMLRead.cpp line 169]

Unable to parse file Assets/Firebase/Plugins/Google.Sharpen.dll.meta: [Parser Failure at line 72: Expect ':' between key and value within mapping]
UnityEngine.StackTraceUtility:ExtractStackTrace ()
UnityEditor.Scripting.ScriptCompilation.PrecompiledAssemblyProviderBase:GetAllPrecompiledAssembliesInternal ()
UnityEditor.Scripting.ScriptCompilation.PrecompiledAssemblyProvider:GetAllPrecompiledAssemblies ()
UnityEditor.AssemblyValidation:CheckAssemblyReferences (string[],UnityEditor.AssemblyValidation/Error[],Mono.Cecil.AssemblyDefinition[],System.Func`2<string, bool>)
UnityEditor.AssemblyValidation:ValidateAssemblyDefinitions (string[],Mono.Cecil.AssemblyDefinition[],System.Func`2<string, bool>)
UnityEditor.AssemblyValidation:ValidateAssemblies (string[],bool)

[C:\build\output\unity\unity\Runtime\Serialize\TransferFunctions\YAMLRead.cpp line 169]

Unable to parse file Assets/Firebase/Plugins/Unity.Compat.dll.meta: [Parser Failure at line 72: Expect ':' between key and value within mapping]
UnityEngine.StackTraceUtility:ExtractStackTrace ()
UnityEditor.Scripting.ScriptCompilation.PrecompiledAssemblyProviderBase:GetAllPrecompiledAssembliesInternal ()
UnityEditor.Scripting.ScriptCompilation.PrecompiledAssemblyProvider:GetAllPrecompiledAssemblies ()
UnityEditor.AssemblyValidation:CheckAssemblyReferences (string[],UnityEditor.AssemblyValidation/Error[],Mono.Cecil.AssemblyDefinition[],System.Func`2<string, bool>)
UnityEditor.AssemblyValidation:ValidateAssemblyDefinitions (string[],Mono.Cecil.AssemblyDefinition[],System.Func`2<string, bool>)
UnityEditor.AssemblyValidation:ValidateAssemblies (string[],bool)

[C:\build\output\unity\unity\Runtime\Serialize\TransferFunctions\YAMLRead.cpp line 169]

Unable to parse file Assets/Firebase/Editor/Firebase.Editor.dll.meta: [Parser Failure at line 30: Expect ':' between key and value within mapping]
UnityEngine.StackTraceUtility:ExtractStackTrace ()
UnityEditor.Scripting.ScriptCompilation.PrecompiledAssemblyProviderBase:GetAllPrecompiledAssembliesInternal ()
UnityEditor.Scripting.ScriptCompilation.PrecompiledAssemblyProvider:GetAllPrecompiledAssemblies ()
UnityEditor.AssemblyValidation:CheckAssemblyReferences (string[],UnityEditor.AssemblyValidation/Error[],Mono.Cecil.AssemblyDefinition[],System.Func`2<string, bool>)
UnityEditor.AssemblyValidation:ValidateAssemblyDefinitions (string[],Mono.Cecil.AssemblyDefinition[],System.Func`2<string, bool>)
UnityEditor.AssemblyValidation:ValidateAssemblies (string[],bool)

[C:\build\output\unity\unity\Runtime\Serialize\TransferFunctions\YAMLRead.cpp line 169]

Unable to parse file Assets/Firebase/Plugins/Firebase.Auth.dll.meta: [Parser Failure at line 72: Expect ':' between key and value within mapping]
UnityEngine.StackTraceUtility:ExtractStackTrace ()
UnityEditor.Scripting.ScriptCompilation.PrecompiledAssemblyProviderBase:GetAllPrecompiledAssembliesInternal ()
UnityEditor.Scripting.ScriptCompilation.PrecompiledAssemblyProvider:GetAllPrecompiledAssemblies ()
UnityEditor.AssemblyValidation:CheckAssemblyReferences (string[],UnityEditor.AssemblyValidation/Error[],Mono.Cecil.AssemblyDefinition[],System.Func`2<string, bool>)
UnityEditor.AssemblyValidation:ValidateAssemblyDefinitions (string[],Mono.Cecil.AssemblyDefinition[],System.Func`2<string, bool>)
UnityEditor.AssemblyValidation:ValidateAssemblies (string[],bool)

[C:\build\output\unity\unity\Runtime\Serialize\TransferFunctions\YAMLRead.cpp line 169]

- Loaded All Assemblies, in  0.578 seconds
Unable to parse file Assets/Plugins/x86_64/Firebase/App.so.meta: [Parser Failure at line 72: Expect ':' between key and value within mapping]
Unable to parse file Assets/Plugins/x86_64/Firebase/Auth.bundle.meta: [Parser Failure at line 72: Expect ':' between key and value within mapping]
Unable to parse file Assets/Firebase/Editor/Firebase.Editor.dll.meta: [Parser Failure at line 30: Expect ':' between key and value within mapping]
Unable to parse file Assets/Firebase/Plugins/Unity.Tasks.dll.meta: [Parser Failure at line 72: Expect ':' between key and value within mapping]
Unable to parse file Assets/Firebase/Plugins/Google.MiniJson.dll.meta: [Parser Failure at line 72: Expect ':' between key and value within mapping]
Unable to parse file Assets/Firebase/Plugins/Firebase.Auth.dll.meta: [Parser Failure at line 72: Expect ':' between key and value within mapping]
Unable to parse file Assets/Plugins/x86_64/Firebase/App.dll.meta: [Parser Failure at line 72: Expect ':' between key and value within mapping]
Unable to parse file Assets/Plugins/x86_64/Firebase/App.bundle.meta: [Parser Failure at line 72: Expect ':' between key and value within mapping]
Unable to parse file Assets/Firebase/Plugins/Google.Sharpen.dll.meta: [Parser Failure at line 72: Expect ':' between key and value within mapping]
Unable to parse file Assets/Firebase/Plugins/iOS/Firebase.App.dll.meta: [Parser Failure at line 72: Expect ':' between key and value within mapping]
Unable to parse file Assets/Firebase/Plugins/Unity.Compat.dll.meta: [Parser Failure at line 72: Expect ':' between key and value within mapping]
Unable to parse file Assets/Firebase/Plugins/iOS/Firebase.Auth.dll.meta: [Parser Failure at line 72: Expect ':' between key and value within mapping]
Unable to parse file Assets/Plugins/x86_64/Firebase/Auth.dll.meta: [Parser Failure at line 72: Expect ':' between key and value within mapping]
Unable to parse file Assets/Firebase/Plugins/Firebase.App.dll.meta: [Parser Failure at line 72: Expect ':' between key and value within mapping]
Unable to parse file Assets/Firebase/Plugins/Firebase.Database.dll.meta: [Parser Failure at line 72: Expect ':' between key and value within mapping]
Unable to parse file Assets/Plugins/x86_64/Firebase/Auth.so.meta: [Parser Failure at line 72: Expect ':' between key and value within mapping]
Refreshing native plugins compatible for Editor in 7.95 ms, found 2 plugins.
Native extension for WindowsStandalone target not found
Native extension for WebGL target not found
Mono: successfully reloaded assembly
- Finished resetting the current domain, in  0.699 seconds
Domain Reload Profiling: 1277ms
	BeginReloadAssembly (272ms)
		ExecutionOrderSort (0ms)
		DisableScriptedObjects (9ms)
		BackupInstance (0ms)
		ReleaseScriptingObjects (0ms)
		CreateAndSetChildDomain (40ms)
	RebuildCommonClasses (57ms)
	RebuildNativeTypeToScriptingClass (20ms)
	initialDomainReloadingComplete (46ms)
	LoadAllAssembliesAndSetupDomain (182ms)
		LoadAssemblies (323ms)
		RebuildTransferFunctionScriptingTraits (0ms)
		AnalyzeDomain (22ms)
			TypeCache.Refresh (20ms)
				TypeCache.ScanAssembly (8ms)
			ScanForSourceGeneratedMonoScriptInfo (1ms)
			ResolveRequiredComponents (1ms)
	FinalizeReload (700ms)
		ReleaseScriptCaches (0ms)
		RebuildScriptCaches (0ms)
		SetupLoadedEditorAssemblies (491ms)
			LogAssemblyErrors (0ms)
			InitializePlatformSupportModulesInManaged (7ms)
			SetLoadedEditorAssemblies (16ms)
			RefreshPlugins (0ms)
			BeforeProcessingInitializeOnLoad (33ms)
			ProcessInitializeOnLoadAttributes (388ms)
			ProcessInitializeOnLoadMethodAttributes (39ms)
			AfterProcessingInitializeOnLoad (7ms)
			EditorAssembliesLoaded (0ms)
		ExecutionOrderSort2 (0ms)
		AwakeInstancesAfterBackupRestoration (15ms)
Launched and connected shader compiler UnityShaderCompiler.exe after 0.08 seconds
Unable to parse file Assets/Firebase/Plugins/Google.Sharpen.dll.meta: [Parser Failure at line 72: Expect ':' between key and value within mapping]
Unable to parse file Assets/Firebase/Plugins/Firebase.Database.dll.meta: [Parser Failure at line 72: Expect ':' between key and value within mapping]
Refreshing native plugins compatible for Editor in 10.89 ms, found 2 plugins.
Preloading 0 native plugins for Editor in 0.00 ms.
Unloading 95 Unused Serialized files (Serialized files now loaded: 0)
Unloading 68 unused Assets / (80.1 KB). Loaded Objects now: 510.
Memory consumption went from 57.3 MB to 57.3 MB.
Total: 4.317900 ms (FindLiveObjects: 0.078500 ms CreateObjectMapping: 0.016400 ms MarkObjects: 4.006700 ms  DeleteObjects: 0.214700 ms)

AssetImportParameters requested are different than current active one (requested -> active):
  custom:container-muxer-webm: aa71ff27fc2769a1b78a27578f13a17b -> 
  custom:video-encoder-webm-vp8: eb34c28f22e8b96e1ab97ce403110664 -> 
  custom:video-codec-MediaFoundation-h265: 746d11721c4dcdbdad8f713fa42b33f4 -> 
  custom:audio-encoder-webm-vorbis: bf7c407c2cedff20999df2af8eb42d56 -> 
  custom:container-demuxer-ogg: 62fdf1f143b41e24485cea50d1cbac27 -> 
  custom:video-decoder-webm-vp8: 9c59270c3fd7afecdb556c50c9e8de78 -> 
  custom:audio-decoder-ogg-vorbis: bf7c407c2cedff20999df2af8eb42d56 -> 
  custom:AudioImporter_EditorPlatform: d09bf68614088b80899f8185d706f6e7 -> 
  custom:video-decoder-ogg-theora: a1e56fd34408186e4bbccfd4996cb3dc -> 
  custom:container-demuxer-webm: 4f35f7cbe854078d1ac9338744f61a02 -> 
  custom:CustomObjectIndexerAttribute: 6d391050e5a25f67b0a2c618074f2cd9 -> 
  custom:framework-win-MediaFoundation: 216162199b28c13a410421893ffa2e32 -> 
  custom:SearchIndexIgnoredProperties: e643bd26f0fe6173181afceb89e7c659 -> 
========================================================================
Received Prepare
Unable to parse file Assets/Firebase/Plugins/Firebase.Database.dll.meta: [Parser Failure at line 72: Expect ':' between key and value within mapping]
Unable to parse file Assets/Firebase/Plugins/Google.Sharpen.dll.meta: [Parser Failure at line 72: Expect ':' between key and value within mapping]
Begin MonoManager ReloadAssembly
Unable to parse file Assets/Firebase/Plugins/Firebase.Database.dll.meta: [Parser Failure at line 72: Expect ':' between key and value within mapping]
Unable to parse file Assets/Firebase/Plugins/Google.Sharpen.dll.meta: [Parser Failure at line 72: Expect ':' between key and value within mapping]
Unable to parse file Assets/Firebase/Plugins/Firebase.Database.dll.meta: [Parser Failure at line 72: Expect ':' between key and value within mapping]
UnityEngine.StackTraceUtility:ExtractStackTrace ()
UnityEditor.Scripting.ScriptCompilation.PrecompiledAssemblyProviderBase:GetAllPrecompiledAssembliesInternal ()
UnityEditor.Scripting.ScriptCompilation.PrecompiledAssemblyProvider:GetAllPrecompiledAssemblies ()
UnityEditor.AssemblyValidation:CheckAssemblyReferences (string[],UnityEditor.AssemblyValidation/Error[],Mono.Cecil.AssemblyDefinition[],System.Func`2<string, bool>)
UnityEditor.AssemblyValidation:ValidateAssemblyDefinitions (string[],Mono.Cecil.AssemblyDefinition[],System.Func`2<string, bool>)
UnityEditor.AssemblyValidation:ValidateAssemblies (string[],bool)

[C:\build\output\unity\unity\Runtime\Serialize\TransferFunctions\YAMLRead.cpp line 169]

Unable to parse file Assets/Firebase/Plugins/Google.Sharpen.dll.meta: [Parser Failure at line 72: Expect ':' between key and value within mapping]
UnityEngine.StackTraceUtility:ExtractStackTrace ()
UnityEditor.Scripting.ScriptCompilation.PrecompiledAssemblyProviderBase:GetAllPrecompiledAssembliesInternal ()
UnityEditor.Scripting.ScriptCompilation.PrecompiledAssemblyProvider:GetAllPrecompiledAssemblies ()
UnityEditor.AssemblyValidation:CheckAssemblyReferences (string[],UnityEditor.AssemblyValidation/Error[],Mono.Cecil.AssemblyDefinition[],System.Func`2<string, bool>)
UnityEditor.AssemblyValidation:ValidateAssemblyDefinitions (string[],Mono.Cecil.AssemblyDefinition[],System.Func`2<string, bool>)
UnityEditor.AssemblyValidation:ValidateAssemblies (string[],bool)

[C:\build\output\unity\unity\Runtime\Serialize\TransferFunctions\YAMLRead.cpp line 169]

- Loaded All Assemblies, in  0.489 seconds
Unable to parse file Assets/Firebase/Plugins/Google.Sharpen.dll.meta: [Parser Failure at line 72: Expect ':' between key and value within mapping]
Unable to parse file Assets/Firebase/Plugins/Firebase.Database.dll.meta: [Parser Failure at line 72: Expect ':' between key and value within mapping]
Refreshing native plugins compatible for Editor in 9.34 ms, found 2 plugins.
Native extension for WindowsStandalone target not found
Native extension for WebGL target not found
Mono: successfully reloaded assembly
- Finished resetting the current domain, in  0.526 seconds
Domain Reload Profiling: 1016ms
	BeginReloadAssembly (228ms)
		ExecutionOrderSort (0ms)
		DisableScriptedObjects (9ms)
		BackupInstance (0ms)
		ReleaseScriptingObjects (0ms)
		CreateAndSetChildDomain (32ms)
	RebuildCommonClasses (55ms)
	RebuildNativeTypeToScriptingClass (14ms)
	initialDomainReloadingComplete (32ms)
	LoadAllAssembliesAndSetupDomain (159ms)
		LoadAssemblies (295ms)
		RebuildTransferFunctionScriptingTraits (0ms)
		AnalyzeDomain (7ms)
			TypeCache.Refresh (5ms)
				TypeCache.ScanAssembly (0ms)
			ScanForSourceGeneratedMonoScriptInfo (0ms)
			ResolveRequiredComponents (1ms)
	FinalizeReload (527ms)
		ReleaseScriptCaches (0ms)
		RebuildScriptCaches (0ms)
		SetupLoadedEditorAssemblies (366ms)
			LogAssemblyErrors (0ms)
			InitializePlatformSupportModulesInManaged (7ms)
			SetLoadedEditorAssemblies (3ms)
			RefreshPlugins (0ms)
			BeforeProcessingInitializeOnLoad (27ms)
			ProcessInitializeOnLoadAttributes (304ms)
			ProcessInitializeOnLoadMethodAttributes (21ms)
			AfterProcessingInitializeOnLoad (4ms)
			EditorAssembliesLoaded (0ms)
		ExecutionOrderSort2 (0ms)
		AwakeInstancesAfterBackupRestoration (8ms)
Unable to parse file Assets/Firebase/Plugins/Google.Sharpen.dll.meta: [Parser Failure at line 72: Expect ':' between key and value within mapping]
Unable to parse file Assets/Firebase/Plugins/Firebase.Database.dll.meta: [Parser Failure at line 72: Expect ':' between key and value within mapping]
Refreshing native plugins compatible for Editor in 7.38 ms, found 2 plugins.
Preloading 0 native plugins for Editor in 0.00 ms.
Unloading 84 Unused Serialized files (Serialized files now loaded: 0)
Unloading 66 unused Assets / (54.8 KB). Loaded Objects now: 510.
Memory consumption went from 57.6 MB to 57.5 MB.
Total: 2.314100 ms (FindLiveObjects: 0.045800 ms CreateObjectMapping: 0.006700 ms MarkObjects: 2.187700 ms  DeleteObjects: 0.073300 ms)

Prepare: number of updated asset objects reloaded= 0
AssetImportParameters requested are different than current active one (requested -> active):
  custom:container-muxer-webm: aa71ff27fc2769a1b78a27578f13a17b -> 
  custom:video-encoder-webm-vp8: eb34c28f22e8b96e1ab97ce403110664 -> 
  custom:video-codec-MediaFoundation-h265: 746d11721c4dcdbdad8f713fa42b33f4 -> 
  custom:audio-encoder-webm-vorbis: bf7c407c2cedff20999df2af8eb42d56 -> 
  custom:container-demuxer-ogg: 62fdf1f143b41e24485cea50d1cbac27 -> 
  custom:video-decoder-webm-vp8: 9c59270c3fd7afecdb556c50c9e8de78 -> 
  custom:audio-decoder-ogg-vorbis: bf7c407c2cedff20999df2af8eb42d56 -> 
  custom:AudioImporter_EditorPlatform: d09bf68614088b80899f8185d706f6e7 -> 
  custom:video-decoder-ogg-theora: a1e56fd34408186e4bbccfd4996cb3dc -> 
  custom:container-demuxer-webm: 4f35f7cbe854078d1ac9338744f61a02 -> 
  custom:CustomObjectIndexerAttribute: 6d391050e5a25f67b0a2c618074f2cd9 -> 
  custom:framework-win-MediaFoundation: 216162199b28c13a410421893ffa2e32 -> 
  custom:SearchIndexIgnoredProperties: e643bd26f0fe6173181afceb89e7c659 -> 
========================================================================
Received Prepare
Unable to parse file Assets/Firebase/Plugins/Firebase.Database.dll.meta: [Parser Failure at line 72: Expect ':' between key and value within mapping]
Unable to parse file Assets/Firebase/Plugins/Google.Sharpen.dll.meta: [Parser Failure at line 72: Expect ':' between key and value within mapping]
Begin MonoManager ReloadAssembly
Unable to parse file Assets/Firebase/Plugins/Firebase.Database.dll.meta: [Parser Failure at line 72: Expect ':' between key and value within mapping]
Unable to parse file Assets/Firebase/Plugins/Google.Sharpen.dll.meta: [Parser Failure at line 72: Expect ':' between key and value within mapping]
Unable to parse file Assets/Firebase/Plugins/Firebase.Database.dll.meta: [Parser Failure at line 72: Expect ':' between key and value within mapping]
UnityEngine.StackTraceUtility:ExtractStackTrace ()
UnityEditor.Scripting.ScriptCompilation.PrecompiledAssemblyProviderBase:GetAllPrecompiledAssembliesInternal ()
UnityEditor.Scripting.ScriptCompilation.PrecompiledAssemblyProvider:GetAllPrecompiledAssemblies ()
UnityEditor.AssemblyValidation:CheckAssemblyReferences (string[],UnityEditor.AssemblyValidation/Error[],Mono.Cecil.AssemblyDefinition[],System.Func`2<string, bool>)
UnityEditor.AssemblyValidation:ValidateAssemblyDefinitions (string[],Mono.Cecil.AssemblyDefinition[],System.Func`2<string, bool>)
UnityEditor.AssemblyValidation:ValidateAssemblies (string[],bool)

[C:\build\output\unity\unity\Runtime\Serialize\TransferFunctions\YAMLRead.cpp line 169]

Unable to parse file Assets/Firebase/Plugins/Google.Sharpen.dll.meta: [Parser Failure at line 72: Expect ':' between key and value within mapping]
UnityEngine.StackTraceUtility:ExtractStackTrace ()
UnityEditor.Scripting.ScriptCompilation.PrecompiledAssemblyProviderBase:GetAllPrecompiledAssembliesInternal ()
UnityEditor.Scripting.ScriptCompilation.PrecompiledAssemblyProvider:GetAllPrecompiledAssemblies ()
UnityEditor.AssemblyValidation:CheckAssemblyReferences (string[],UnityEditor.AssemblyValidation/Error[],Mono.Cecil.AssemblyDefinition[],System.Func`2<string, bool>)
UnityEditor.AssemblyValidation:ValidateAssemblyDefinitions (string[],Mono.Cecil.AssemblyDefinition[],System.Func`2<string, bool>)
UnityEditor.AssemblyValidation:ValidateAssemblies (string[],bool)

[C:\build\output\unity\unity\Runtime\Serialize\TransferFunctions\YAMLRead.cpp line 169]

- Loaded All Assemblies, in  0.395 seconds
Unable to parse file Assets/Firebase/Plugins/Google.Sharpen.dll.meta: [Parser Failure at line 72: Expect ':' between key and value within mapping]
Unable to parse file Assets/Firebase/Plugins/Firebase.Database.dll.meta: [Parser Failure at line 72: Expect ':' between key and value within mapping]
Refreshing native plugins compatible for Editor in 7.29 ms, found 2 plugins.
Native extension for WindowsStandalone target not found
Native extension for WebGL target not found
Mono: successfully reloaded assembly
- Finished resetting the current domain, in  0.545 seconds
Domain Reload Profiling: 941ms
	BeginReloadAssembly (171ms)
		ExecutionOrderSort (0ms)
		DisableScriptedObjects (9ms)
		BackupInstance (0ms)
		ReleaseScriptingObjects (0ms)
		CreateAndSetChildDomain (23ms)
	RebuildCommonClasses (38ms)
	RebuildNativeTypeToScriptingClass (13ms)
	initialDomainReloadingComplete (32ms)
	LoadAllAssembliesAndSetupDomain (141ms)
		LoadAssemblies (240ms)
		RebuildTransferFunctionScriptingTraits (0ms)
		AnalyzeDomain (6ms)
			TypeCache.Refresh (4ms)
				TypeCache.ScanAssembly (0ms)
			ScanForSourceGeneratedMonoScriptInfo (0ms)
			ResolveRequiredComponents (1ms)
	FinalizeReload (546ms)
		ReleaseScriptCaches (0ms)
		RebuildScriptCaches (0ms)
		SetupLoadedEditorAssemblies (385ms)
			LogAssemblyErrors (0ms)
			InitializePlatformSupportModulesInManaged (9ms)
			SetLoadedEditorAssemblies (4ms)
			RefreshPlugins (0ms)
			BeforeProcessingInitializeOnLoad (34ms)
			ProcessInitializeOnLoadAttributes (311ms)
			ProcessInitializeOnLoadMethodAttributes (22ms)
			AfterProcessingInitializeOnLoad (5ms)
			EditorAssembliesLoaded (0ms)
		ExecutionOrderSort2 (0ms)
		AwakeInstancesAfterBackupRestoration (9ms)
Unable to parse file Assets/Firebase/Plugins/Google.Sharpen.dll.meta: [Parser Failure at line 72: Expect ':' between key and value within mapping]
Unable to parse file Assets/Firebase/Plugins/Firebase.Database.dll.meta: [Parser Failure at line 72: Expect ':' between key and value within mapping]
Refreshing native plugins compatible for Editor in 8.21 ms, found 2 plugins.
Preloading 0 native plugins for Editor in 0.00 ms.
Unloading 84 Unused Serialized files (Serialized files now loaded: 0)
Unloading 66 unused Assets / (53.8 KB). Loaded Objects now: 510.
Memory consumption went from 59.5 MB to 59.5 MB.
Total: 2.763500 ms (FindLiveObjects: 0.048900 ms CreateObjectMapping: 0.005800 ms MarkObjects: 2.575100 ms  DeleteObjects: 0.132700 ms)

Prepare: number of updated asset objects reloaded= 0
AssetImportParameters requested are different than current active one (requested -> active):
  custom:container-muxer-webm: aa71ff27fc2769a1b78a27578f13a17b -> 
  custom:video-encoder-webm-vp8: eb34c28f22e8b96e1ab97ce403110664 -> 
  custom:video-codec-MediaFoundation-h265: 746d11721c4dcdbdad8f713fa42b33f4 -> 
  custom:audio-encoder-webm-vorbis: bf7c407c2cedff20999df2af8eb42d56 -> 
  custom:container-demuxer-ogg: 62fdf1f143b41e24485cea50d1cbac27 -> 
  custom:video-decoder-webm-vp8: 9c59270c3fd7afecdb556c50c9e8de78 -> 
  custom:audio-decoder-ogg-vorbis: bf7c407c2cedff20999df2af8eb42d56 -> 
  custom:AudioImporter_EditorPlatform: d09bf68614088b80899f8185d706f6e7 -> 
  custom:video-decoder-ogg-theora: a1e56fd34408186e4bbccfd4996cb3dc -> 
  custom:container-demuxer-webm: 4f35f7cbe854078d1ac9338744f61a02 -> 
  custom:CustomObjectIndexerAttribute: 6d391050e5a25f67b0a2c618074f2cd9 -> 
  custom:framework-win-MediaFoundation: 216162199b28c13a410421893ffa2e32 -> 
  custom:SearchIndexIgnoredProperties: e643bd26f0fe6173181afceb89e7c659 -> 
